<?xml version="1.0" encoding="UTF-8"?>
<testsuite name="com.tipikae.adminserver.AdminServerApplicationTests" tests="1" skipped="0" failures="0" errors="0" timestamp="2022-06-28T12:58:29" hostname="bob-ubuntu" time="0.594">
  <properties/>
  <testcase name="contextLoads()" classname="com.tipikae.adminserver.AdminServerApplicationTests" time="0.594"/>
  <system-out><![CDATA[14:58:17.317 [Test worker] DEBUG org.springframework.test.context.BootstrapUtils - Instantiating CacheAwareContextLoaderDelegate from class [org.springframework.test.context.cache.DefaultCacheAwareContextLoaderDelegate]
14:58:17.337 [Test worker] DEBUG org.springframework.test.context.BootstrapUtils - Instantiating BootstrapContext using constructor [public org.springframework.test.context.support.DefaultBootstrapContext(java.lang.Class,org.springframework.test.context.CacheAwareContextLoaderDelegate)]
14:58:17.409 [Test worker] DEBUG org.springframework.test.context.BootstrapUtils - Instantiating TestContextBootstrapper for test class [com.tipikae.adminserver.AdminServerApplicationTests] from class [org.springframework.boot.test.context.SpringBootTestContextBootstrapper]
14:58:17.426 [Test worker] INFO org.springframework.boot.test.context.SpringBootTestContextBootstrapper - Neither @ContextConfiguration nor @ContextHierarchy found for test class [com.tipikae.adminserver.AdminServerApplicationTests], using SpringBootContextLoader
14:58:17.432 [Test worker] DEBUG org.springframework.test.context.support.AbstractContextLoader - Did not detect default resource location for test class [com.tipikae.adminserver.AdminServerApplicationTests]: class path resource [com/tipikae/adminserver/AdminServerApplicationTests-context.xml] does not exist
14:58:17.433 [Test worker] DEBUG org.springframework.test.context.support.AbstractContextLoader - Did not detect default resource location for test class [com.tipikae.adminserver.AdminServerApplicationTests]: class path resource [com/tipikae/adminserver/AdminServerApplicationTestsContext.groovy] does not exist
14:58:17.433 [Test worker] INFO org.springframework.test.context.support.AbstractContextLoader - Could not detect default resource locations for test class [com.tipikae.adminserver.AdminServerApplicationTests]: no resource found for suffixes {-context.xml, Context.groovy}.
14:58:17.434 [Test worker] INFO org.springframework.test.context.support.AnnotationConfigContextLoaderUtils - Could not detect default configuration classes for test class [com.tipikae.adminserver.AdminServerApplicationTests]: AdminServerApplicationTests does not declare any static, non-private, non-final, nested classes annotated with @Configuration.
14:58:17.514 [Test worker] DEBUG org.springframework.test.context.support.ActiveProfilesUtils - Could not find an 'annotation declaring class' for annotation type [org.springframework.test.context.ActiveProfiles] and class [com.tipikae.adminserver.AdminServerApplicationTests]
14:58:17.598 [Test worker] DEBUG org.springframework.context.annotation.ClassPathScanningCandidateComponentProvider - Identified candidate component class: file [/home/tipikae/workspace/sts_mediscreen/mediscreen/admin-server/build/classes/java/main/com/tipikae/adminserver/AdminServerApplication.class]
14:58:17.600 [Test worker] INFO org.springframework.boot.test.context.SpringBootTestContextBootstrapper - Found @SpringBootConfiguration com.tipikae.adminserver.AdminServerApplication for test class com.tipikae.adminserver.AdminServerApplicationTests
14:58:17.776 [Test worker] DEBUG org.springframework.boot.test.context.SpringBootTestContextBootstrapper - @TestExecutionListeners is not present for class [com.tipikae.adminserver.AdminServerApplicationTests]: using defaults.
14:58:17.777 [Test worker] INFO org.springframework.boot.test.context.SpringBootTestContextBootstrapper - Loaded default TestExecutionListener class names from location [META-INF/spring.factories]: [org.springframework.security.test.context.support.WithSecurityContextTestExecutionListener, org.springframework.security.test.context.support.ReactorContextTestExecutionListener, org.springframework.boot.test.autoconfigure.restdocs.RestDocsTestExecutionListener, org.springframework.boot.test.autoconfigure.web.client.MockRestServiceServerResetTestExecutionListener, org.springframework.boot.test.autoconfigure.web.servlet.MockMvcPrintOnlyOnFailureTestExecutionListener, org.springframework.boot.test.autoconfigure.web.servlet.WebDriverTestExecutionListener, org.springframework.boot.test.autoconfigure.webservices.client.MockWebServiceServerTestExecutionListener, org.springframework.boot.test.mock.mockito.MockitoTestExecutionListener, org.springframework.boot.test.mock.mockito.ResetMocksTestExecutionListener, org.springframework.test.context.web.ServletTestExecutionListener, org.springframework.test.context.support.DirtiesContextBeforeModesTestExecutionListener, org.springframework.test.context.event.ApplicationEventsTestExecutionListener, org.springframework.test.context.support.DependencyInjectionTestExecutionListener, org.springframework.test.context.support.DirtiesContextTestExecutionListener, org.springframework.test.context.transaction.TransactionalTestExecutionListener, org.springframework.test.context.jdbc.SqlScriptsTestExecutionListener, org.springframework.test.context.event.EventPublishingTestExecutionListener]
14:58:17.813 [Test worker] DEBUG org.springframework.boot.test.context.SpringBootTestContextBootstrapper - Skipping candidate TestExecutionListener [org.springframework.test.context.transaction.TransactionalTestExecutionListener] due to a missing dependency. Specify custom listener classes or make the default listener classes and their required dependencies available. Offending class: [org/springframework/transaction/interceptor/TransactionAttributeSource]
14:58:17.814 [Test worker] DEBUG org.springframework.boot.test.context.SpringBootTestContextBootstrapper - Skipping candidate TestExecutionListener [org.springframework.test.context.jdbc.SqlScriptsTestExecutionListener] due to a missing dependency. Specify custom listener classes or make the default listener classes and their required dependencies available. Offending class: [org/springframework/transaction/interceptor/TransactionAttribute]
14:58:17.815 [Test worker] INFO org.springframework.boot.test.context.SpringBootTestContextBootstrapper - Using TestExecutionListeners: [org.springframework.test.context.web.ServletTestExecutionListener@7728643a, org.springframework.test.context.support.DirtiesContextBeforeModesTestExecutionListener@320e400, org.springframework.test.context.event.ApplicationEventsTestExecutionListener@5167268, org.springframework.boot.test.mock.mockito.MockitoTestExecutionListener@1cfd1875, org.springframework.boot.test.autoconfigure.SpringBootDependencyInjectionTestExecutionListener@28c0b664, org.springframework.test.context.support.DirtiesContextTestExecutionListener@2c444798, org.springframework.security.test.context.support.WithSecurityContextTestExecutionListener@1af7f54a, org.springframework.test.context.event.EventPublishingTestExecutionListener@6ebd78d1, org.springframework.security.test.context.support.ReactorContextTestExecutionListener@436390f4, org.springframework.boot.test.autoconfigure.restdocs.RestDocsTestExecutionListener@4d157787, org.springframework.boot.test.autoconfigure.web.client.MockRestServiceServerResetTestExecutionListener@68ed96ca, org.springframework.boot.test.autoconfigure.web.servlet.MockMvcPrintOnlyOnFailureTestExecutionListener@6d1310f6, org.springframework.boot.test.autoconfigure.web.servlet.WebDriverTestExecutionListener@3228d990, org.springframework.boot.test.autoconfigure.webservices.client.MockWebServiceServerTestExecutionListener@54e7391d, org.springframework.boot.test.mock.mockito.ResetMocksTestExecutionListener@50b8ae8d]
14:58:17.821 [Test worker] DEBUG org.springframework.test.context.support.AbstractDirtiesContextTestExecutionListener - Before test class: context [DefaultTestContext@10b3df93 testClass = AdminServerApplicationTests, testInstance = [null], testMethod = [null], testException = [null], mergedContextConfiguration = [WebMergedContextConfiguration@ea27e34 testClass = AdminServerApplicationTests, locations = '{}', classes = '{class com.tipikae.adminserver.AdminServerApplication}', contextInitializerClasses = '[]', activeProfiles = '{}', propertySourceLocations = '{}', propertySourceProperties = '{org.springframework.boot.test.context.SpringBootTestContextBootstrapper=true}', contextCustomizers = set[org.springframework.boot.test.autoconfigure.actuate.metrics.MetricsExportContextCustomizerFactory$DisableMetricExportContextCustomizer@72758afa, org.springframework.boot.test.autoconfigure.properties.PropertyMappingContextCustomizer@0, org.springframework.boot.test.autoconfigure.web.servlet.WebDriverContextCustomizerFactory$Customizer@207b8649, org.springframework.boot.test.context.filter.ExcludeFilterContextCustomizer@53d1b9b3, org.springframework.boot.test.json.DuplicateJsonObjectContextCustomizerFactory$DuplicateJsonObjectContextCustomizer@7e928e2f, org.springframework.boot.test.mock.mockito.MockitoContextCustomizer@0, org.springframework.boot.test.web.client.TestRestTemplateContextCustomizer@6821ea29, org.springframework.boot.test.web.reactive.server.WebTestClientContextCustomizer@2bb7bd00, org.springframework.boot.test.context.SpringBootTestArgs@1, org.springframework.boot.test.context.SpringBootTestWebEnvironment@b86de0d], resourceBasePath = 'src/main/webapp', contextLoader = 'org.springframework.boot.test.context.SpringBootContextLoader', parent = [null]], attributes = map['org.springframework.test.context.web.ServletTestExecutionListener.activateListener' -> true]], class annotated with @DirtiesContext [false] with mode [null].
2022-06-28 14:58:20.680  INFO 19975 --- [    Test worker] o.s.b.context.config.ConfigDataLoader    : Fetching config from server at : http://localhost:8888
2022-06-28 14:58:20.682  INFO 19975 --- [    Test worker] o.s.b.context.config.ConfigDataLoader    : Located environment: name=admin-server, profiles=[default], label=null, version=2b2f7075225d237bc6d7433ab5da68d5e56d02bc, state=null

  .   ____          _            __ _ _
 /\\ / ___'_ __ _ _(_)_ __  __ _ \ \ \ \
( ( )\___ | '_ | '_| | '_ \/ _` | \ \ \ \
 \\/  ___)| |_)| | | | | || (_| |  ) ) ) )
  '  |____| .__|_| |_|_| |_\__, | / / / /
 =========|_|==============|___/=/_/_/_/
 :: Spring Boot ::                (v2.7.0)

2022-06-28 14:58:22.090  INFO 19975 --- [    Test worker] c.c.c.ConfigServicePropertySourceLocator : Fetching config from server at : http://localhost:8888
2022-06-28 14:58:22.850  INFO 19975 --- [    Test worker] c.c.c.ConfigServicePropertySourceLocator : Located environment: name=admin-server, profiles=[default], label=null, version=2b2f7075225d237bc6d7433ab5da68d5e56d02bc, state=null
2022-06-28 14:58:22.854  INFO 19975 --- [    Test worker] b.c.PropertySourceBootstrapConfiguration : Located property source: [BootstrapPropertySource {name='bootstrapProperties-configClient'}, BootstrapPropertySource {name='bootstrapProperties-https://github.com/tipikae/DA-JAVA-P9-mediscreen-config/admin-server.properties'}]
2022-06-28 14:58:22.906  INFO 19975 --- [    Test worker] c.t.a.AdminServerApplicationTests        : The following 1 profile is active: "dev"
2022-06-28 14:58:22.924  INFO 19975 --- [    Test worker] o.s.b.context.config.ConfigDataLoader    : Fetching config from server at : http://localhost:8888
2022-06-28 14:58:22.925  INFO 19975 --- [    Test worker] o.s.b.context.config.ConfigDataLoader    : Located environment: name=admin-server, profiles=[dev], label=null, version=2b2f7075225d237bc6d7433ab5da68d5e56d02bc, state=null
2022-06-28 14:58:24.759  INFO 19975 --- [    Test worker] o.s.cloud.context.scope.GenericScope     : BeanFactory id=6ddddfb3-2cf2-33e6-9096-c8d9185f15e0
2022-06-28 14:58:27.016  WARN 19975 --- [    Test worker] ion$DefaultTemplateResolverConfiguration : Cannot find template location: classpath:/templates/ (please add some templates or check your Thymeleaf configuration)
2022-06-28 14:58:29.365  INFO 19975 --- [    Test worker] o.s.s.web.DefaultSecurityFilterChain     : Will secure any request with [org.springframework.security.web.session.DisableEncodeUrlFilter@152dbf8e, org.springframework.security.web.context.request.async.WebAsyncManagerIntegrationFilter@34ea86ff, org.springframework.security.web.context.SecurityContextPersistenceFilter@688efeb2, org.springframework.security.web.header.HeaderWriterFilter@624be1d4, org.springframework.security.web.csrf.CsrfFilter@7eb774c3, org.springframework.security.web.authentication.logout.LogoutFilter@49b180c8, org.springframework.security.web.authentication.UsernamePasswordAuthenticationFilter@7a13ad55, org.springframework.security.web.authentication.www.BasicAuthenticationFilter@544300a6, org.springframework.security.web.savedrequest.RequestCacheAwareFilter@394331a8, org.springframework.security.web.servletapi.SecurityContextHolderAwareRequestFilter@642f8b7f, org.springframework.security.web.authentication.rememberme.RememberMeAuthenticationFilter@42a7e7e1, org.springframework.security.web.authentication.AnonymousAuthenticationFilter@4bcf08ae, org.springframework.security.web.session.SessionManagementFilter@6c767288, org.springframework.security.web.access.ExceptionTranslationFilter@58189b85, org.springframework.security.web.access.intercept.FilterSecurityInterceptor@758311ed]
2022-06-28 14:58:29.501  INFO 19975 --- [    Test worker] o.s.b.a.e.web.EndpointLinksResolver      : Exposing 15 endpoint(s) beneath base path '/actuator'
2022-06-28 14:58:29.608  INFO 19975 --- [    Test worker] c.t.a.AdminServerApplicationTests        : Started AdminServerApplicationTests in 11.634 seconds (JVM running for 13.678)
2022-06-28 14:58:29.700 ERROR 19975 --- [gistrationTask1] o.s.s.s.TaskUtils$LoggingErrorHandler    : Unexpected error occurred in scheduled task

java.lang.IllegalStateException: couldn't determine local port. Please set spring.boot.admin.client.instance.service-base-url.
	at de.codecentric.boot.admin.client.registration.DefaultApplicationFactory.getLocalServerPort(DefaultApplicationFactory.java:192) ~[spring-boot-admin-client-2.7.0.jar:2.7.0]
	at de.codecentric.boot.admin.client.registration.DefaultApplicationFactory.getServiceBaseUrl(DefaultApplicationFactory.java:104) ~[spring-boot-admin-client-2.7.0.jar:2.7.0]
	at de.codecentric.boot.admin.client.registration.ServletApplicationFactory.getServiceUrl(ServletApplicationFactory.java:63) ~[spring-boot-admin-client-2.7.0.jar:2.7.0]
	at de.codecentric.boot.admin.client.registration.ServletApplicationFactory.getManagementBaseUrl(ServletApplicationFactory.java:76) ~[spring-boot-admin-client-2.7.0.jar:2.7.0]
	at de.codecentric.boot.admin.client.registration.DefaultApplicationFactory.getHealthUrl(DefaultApplicationFactory.java:154) ~[spring-boot-admin-client-2.7.0.jar:2.7.0]
	at de.codecentric.boot.admin.client.registration.DefaultApplicationFactory.createApplication(DefaultApplicationFactory.java:80) ~[spring-boot-admin-client-2.7.0.jar:2.7.0]
	at de.codecentric.boot.admin.client.registration.DefaultApplicationRegistrator.register(DefaultApplicationRegistrator.java:56) ~[spring-boot-admin-client-2.7.0.jar:2.7.0]
	at org.springframework.scheduling.support.DelegatingErrorHandlingRunnable.run(DelegatingErrorHandlingRunnable.java:54) ~[spring-context-5.3.20.jar:5.3.20]
	at java.base/java.util.concurrent.Executors$RunnableAdapter.call(Executors.java:515) ~[na:na]
	at java.base/java.util.concurrent.FutureTask.runAndReset(FutureTask.java:305) ~[na:na]
	at java.base/java.util.concurrent.ScheduledThreadPoolExecutor$ScheduledFutureTask.run(ScheduledThreadPoolExecutor.java:305) ~[na:na]
	at java.base/java.util.concurrent.ThreadPoolExecutor.runWorker(ThreadPoolExecutor.java:1130) ~[na:na]
	at java.base/java.util.concurrent.ThreadPoolExecutor$Worker.run(ThreadPoolExecutor.java:630) ~[na:na]
	at java.base/java.lang.Thread.run(Thread.java:832) ~[na:na]

]]></system-out>
  <system-err><![CDATA[]]></system-err>
</testsuite>
